# JRE version: Java(TM) SE Runtime Environment (17.0.12+8) (build 17.0.12+8-LTS-286)
# Java VM: Java HotSpot(TM) 64-Bit Server VM (17.0.12+8-LTS-286, mixed mode, sharing, tiered, compressed oops, compressed class ptrs, g1 gc, windows-amd64)
GC Precious Log:
 CPUs: 4 total, 4 available
 Memory: 7886M
 Large Page Support: Disabled
 NUMA Support: Disabled
 Compressed Oops: Enabled (32-bit)
 Heap Region Size: 1M
 Heap Min Capacity: 8M
 Heap Initial Capacity: 124M
 Heap Max Capacity: 1972M
 Pre-touch: Disabled
 Parallel Workers: 4
 Concurrent Workers: 1
 Concurrent Refinement Workers: 4
 Periodic GC: Disabled
Heap:
 garbage-first heap   total 81920K, used 32607K [0x0000000084c00000, 0x0000000100000000)
  region size 1024K, 17 young (17408K), 6 survivors (6144K)
 Metaspace       used 22551K, committed 22912K, reserved 1114112K
  class space    used 2774K, committed 2944K, reserved 1048576K
GC Heap History (10 events):
Event: 0.472 GC heap before
{Heap before GC invocations=0 (full 0):
 garbage-first heap   total 126976K, used 16384K [0x0000000084c00000, 0x0000000100000000)
  region size 1024K, 13 young (13312K), 0 survivors (0K)
 Metaspace       used 2179K, committed 2368K, reserved 1114112K
  class space    used 214K, committed 320K, reserved 1048576K
}
Event: 0.477 GC heap after
{Heap after GC invocations=1 (full 0):
 garbage-first heap   total 126976K, used 8644K [0x0000000084c00000, 0x0000000100000000)
  region size 1024K, 2 young (2048K), 2 survivors (2048K)
 Metaspace       used 2179K, committed 2368K, reserved 1114112K
  class space    used 214K, committed 320K, reserved 1048576K
}
Event: 0.676 GC heap before
{Heap before GC invocations=1 (full 0):
 garbage-first heap   total 126976K, used 22980K [0x0000000084c00000, 0x0000000100000000)
  region size 1024K, 13 young (13312K), 2 survivors (2048K)
 Metaspace       used 3704K, committed 3840K, reserved 1114112K
  class space    used 374K, committed 448K, reserved 1048576K
}
Event: 0.686 GC heap after
{Heap after GC invocations=2 (full 0):
 garbage-first heap   total 126976K, used 16620K [0x0000000084c00000, 0x0000000100000000)
  region size 1024K, 2 young (2048K), 2 survivors (2048K)
 Metaspace       used 3704K, committed 3840K, reserved 1114112K
  class space    used 374K, committed 448K, reserved 1048576K
}
Event: 1.221 GC heap before
{Heap before GC invocations=2 (full 0):
 garbage-first heap   total 126976K, used 35052K [0x0000000084c00000, 0x0000000100000000)
  region size 1024K, 20 young (20480K), 2 survivors (2048K)
 Metaspace       used 8778K, committed 9024K, reserved 1114112K
  class space    used 1055K, committed 1152K, reserved 1048576K
}
Event: 1.231 GC heap after
{Heap after GC invocations=3 (full 0):
 garbage-first heap   total 126976K, used 17402K [0x0000000084c00000, 0x0000000100000000)
  region size 1024K, 3 young (3072K), 3 survivors (3072K)
 Metaspace       used 8778K, committed 9024K, reserved 1114112K
  class space    used 1055K, committed 1152K, reserved 1048576K
}
Event: 2.746 GC heap before
{Heap before GC invocations=3 (full 0):
 garbage-first heap   total 126976K, used 43002K [0x0000000084c00000, 0x0000000100000000)
  region size 1024K, 28 young (28672K), 3 survivors (3072K)
 Metaspace       used 15221K, committed 15552K, reserved 1114112K
  class space    used 1851K, committed 1984K, reserved 1048576K
}
Event: 2.753 GC heap after
{Heap after GC invocations=4 (full 0):
 garbage-first heap   total 126976K, used 19964K [0x0000000084c00000, 0x0000000100000000)
  region size 1024K, 3 young (3072K), 3 survivors (3072K)
 Metaspace       used 15221K, committed 15552K, reserved 1114112K
  class space    used 1851K, committed 1984K, reserved 1048576K
}
Event: 4.472 GC heap before
{Heap before GC invocations=4 (full 0):
 garbage-first heap   total 126976K, used 55804K [0x0000000084c00000, 0x0000000100000000)
  region size 1024K, 39 young (39936K), 3 survivors (3072K)
 Metaspace       used 21165K, committed 21504K, reserved 1114112K
  class space    used 2587K, committed 2752K, reserved 1048576K
}
Event: 4.480 GC heap after
{Heap after GC invocations=5 (full 0):
 garbage-first heap   total 126976K, used 23391K [0x0000000084c00000, 0x0000000100000000)
  region size 1024K, 6 young (6144K), 6 survivors (6144K)
 Metaspace       used 21165K, committed 21504K, reserved 1114112K
  class space    used 2587K, committed 2752K, reserved 1048576K
}

