# JRE version: OpenJDK Runtime Environment Temurin-21.0.10+7 (21.0.10+7) (build 21.0.10+7-LTS)
# Java VM: OpenJDK 64-Bit Server VM Temurin-21.0.10+7 (21.0.10+7-LTS, mixed mode, sharing, tiered, compressed oops, compressed class ptrs, parallel gc, windows-amd64)
GC Precious Log:
 CardTable entry size: 512
 CPUs: 4 total, 4 available
 Memory: 7886M
 Large Page Support: Disabled
 NUMA Support: Disabled
 Compressed Oops: Enabled (32-bit)
 Alignments: Space 512K, Generation 512K, Heap 2M
 Heap Min Capacity: 100M
 Heap Initial Capacity: 100M
 Heap Max Capacity: 2G
 Pre-touch: Disabled
 Parallel Workers: 4
Heap:
 PSYoungGen      total 19968K, used 2557K [0x00000000d5580000, 0x00000000d6b00000, 0x0000000100000000)
  eden space 18944K, 8% used [0x00000000d5580000,0x00000000d570cad0,0x00000000d6800000)
  from space 1024K, 94% used [0x00000000d6a00000,0x00000000d6af2998,0x00000000d6b00000)
  to   space 1536K, 0% used [0x00000000d6800000,0x00000000d6800000,0x00000000d6980000)
 ParOldGen       total 68608K, used 31149K [0x0000000080000000, 0x0000000084300000, 0x00000000d5580000)
  object space 68608K, 45% used [0x0000000080000000,0x0000000081e6b598,0x0000000084300000)
 Metaspace       used 40881K, committed 41920K, reserved 1114112K
  class space    used 4108K, committed 4544K, reserved 1048576K
GC Heap History (20 events):
Event: 6.912 GC heap before
{Heap before GC invocations=14 (full 1):
 PSYoungGen      total 25088K, used 24658K [0x00000000d5580000, 0x00000000d7100000, 0x0000000100000000)
  eden space 22016K, 100% used [0x00000000d5580000,0x00000000d6b00000,0x00000000d6b00000)
  from space 3072K, 86% used [0x00000000d6e00000,0x00000000d7094840,0x00000000d7100000)
  to   space 3072K, 0% used [0x00000000d6b00000,0x00000000d6b00000,0x00000000d6e00000)
 ParOldGen       total 68608K, used 18470K [0x0000000080000000, 0x0000000084300000, 0x00000000d5580000)
  object space 68608K, 26% used [0x0000000080000000,0x0000000081209928,0x0000000084300000)
 Metaspace       used 32540K, committed 33536K, reserved 1114112K
  class space    used 3275K, committed 3712K, reserved 1048576K
}
Event: 6.923 GC heap after
{Heap after GC invocations=14 (full 1):
 PSYoungGen      total 24576K, used 2468K [0x00000000d5580000, 0x00000000d7000000, 0x0000000100000000)
  eden space 22016K, 0% used [0x00000000d5580000,0x00000000d5580000,0x00000000d6b00000)
  from space 2560K, 96% used [0x00000000d6b00000,0x00000000d6d69020,0x00000000d6d80000)
  to   space 2560K, 0% used [0x00000000d6d80000,0x00000000d6d80000,0x00000000d7000000)
 ParOldGen       total 68608K, used 20950K [0x0000000080000000, 0x0000000084300000, 0x00000000d5580000)
  object space 68608K, 30% used [0x0000000080000000,0x0000000081475958,0x0000000084300000)
 Metaspace       used 32540K, committed 33536K, reserved 1114112K
  class space    used 3275K, committed 3712K, reserved 1048576K
}
Event: 7.100 GC heap before
{Heap before GC invocations=15 (full 1):
 PSYoungGen      total 24576K, used 24484K [0x00000000d5580000, 0x00000000d7000000, 0x0000000100000000)
  eden space 22016K, 100% used [0x00000000d5580000,0x00000000d6b00000,0x00000000d6b00000)
  from space 2560K, 96% used [0x00000000d6b00000,0x00000000d6d69020,0x00000000d6d80000)
  to   space 2560K, 0% used [0x00000000d6d80000,0x00000000d6d80000,0x00000000d7000000)
 ParOldGen       total 68608K, used 20950K [0x0000000080000000, 0x0000000084300000, 0x00000000d5580000)
  object space 68608K, 30% used [0x0000000080000000,0x0000000081475958,0x0000000084300000)
 Metaspace       used 32640K, committed 33664K, reserved 1114112K
  class space    used 3275K, committed 3712K, reserved 1048576K
}
Event: 7.107 GC heap after
{Heap after GC invocations=15 (full 1):
 PSYoungGen      total 21504K, used 2528K [0x00000000d5580000, 0x00000000d7600000, 0x0000000100000000)
  eden space 18944K, 0% used [0x00000000d5580000,0x00000000d5580000,0x00000000d6800000)
  from space 2560K, 98% used [0x00000000d6d80000,0x00000000d6ff8030,0x00000000d7000000)
  to   space 5632K, 0% used [0x00000000d6800000,0x00000000d6800000,0x00000000d6d80000)
 ParOldGen       total 68608K, used 23499K [0x0000000080000000, 0x0000000084300000, 0x00000000d5580000)
  object space 68608K, 34% used [0x0000000080000000,0x00000000816f2fa0,0x0000000084300000)
 Metaspace       used 32640K, committed 33664K, reserved 1114112K
  class space    used 3275K, committed 3712K, reserved 1048576K
}
Event: 7.174 GC heap before
{Heap before GC invocations=16 (full 1):
 PSYoungGen      total 21504K, used 21472K [0x00000000d5580000, 0x00000000d7600000, 0x0000000100000000)
  eden space 18944K, 100% used [0x00000000d5580000,0x00000000d6800000,0x00000000d6800000)
  from space 2560K, 98% used [0x00000000d6d80000,0x00000000d6ff8030,0x00000000d7000000)
  to   space 5632K, 0% used [0x00000000d6800000,0x00000000d6800000,0x00000000d6d80000)
 ParOldGen       total 68608K, used 23499K [0x0000000080000000, 0x0000000084300000, 0x00000000d5580000)
  object space 68608K, 34% used [0x0000000080000000,0x00000000816f2fa0,0x0000000084300000)
 Metaspace       used 32714K, committed 33664K, reserved 1114112K
  class space    used 3275K, committed 3712K, reserved 1048576K
}
Event: 7.179 GC heap after
{Heap after GC invocations=16 (full 1):
 PSYoungGen      total 20992K, used 1912K [0x00000000d5580000, 0x00000000d6e00000, 0x0000000100000000)
  eden space 18944K, 0% used [0x00000000d5580000,0x00000000d5580000,0x00000000d6800000)
  from space 2048K, 93% used [0x00000000d6800000,0x00000000d69de200,0x00000000d6a00000)
  to   space 3072K, 0% used [0x00000000d6b00000,0x00000000d6b00000,0x00000000d6e00000)
 ParOldGen       total 68608K, used 26027K [0x0000000080000000, 0x0000000084300000, 0x00000000d5580000)
  object space 68608K, 37% used [0x0000000080000000,0x000000008196aff0,0x0000000084300000)
 Metaspace       used 32714K, committed 33664K, reserved 1114112K
  class space    used 3275K, committed 3712K, reserved 1048576K
}
Event: 7.351 GC heap before
{Heap before GC invocations=17 (full 1):
 PSYoungGen      total 20992K, used 20853K [0x00000000d5580000, 0x00000000d6e00000, 0x0000000100000000)
  eden space 18944K, 99% used [0x00000000d5580000,0x00000000d67ff208,0x00000000d6800000)
  from space 2048K, 93% used [0x00000000d6800000,0x00000000d69de200,0x00000000d6a00000)
  to   space 3072K, 0% used [0x00000000d6b00000,0x00000000d6b00000,0x00000000d6e00000)
 ParOldGen       total 68608K, used 26027K [0x0000000080000000, 0x0000000084300000, 0x00000000d5580000)
  object space 68608K, 37% used [0x0000000080000000,0x000000008196aff0,0x0000000084300000)
 Metaspace       used 34005K, committed 34944K, reserved 1114112K
  class space    used 3439K, committed 3840K, reserved 1048576K
}
Event: 7.355 GC heap after
{Heap after GC invocations=17 (full 1):
 PSYoungGen      total 20992K, used 1681K [0x00000000d5580000, 0x00000000d6d00000, 0x0000000100000000)
  eden space 18944K, 0% used [0x00000000d5580000,0x00000000d5580000,0x00000000d6800000)
  from space 2048K, 82% used [0x00000000d6b00000,0x00000000d6ca4630,0x00000000d6d00000)
  to   space 2048K, 0% used [0x00000000d6800000,0x00000000d6800000,0x00000000d6a00000)
 ParOldGen       total 68608K, used 27900K [0x0000000080000000, 0x0000000084300000, 0x00000000d5580000)
  object space 68608K, 40% used [0x0000000080000000,0x0000000081b3f1f0,0x0000000084300000)
 Metaspace       used 34005K, committed 34944K, reserved 1114112K
  class space    used 3439K, committed 3840K, reserved 1048576K
}
Event: 7.456 GC heap before
{Heap before GC invocations=18 (full 1):
 PSYoungGen      total 20992K, used 6934K [0x00000000d5580000, 0x00000000d6d00000, 0x0000000100000000)
  eden space 18944K, 27% used [0x00000000d5580000,0x00000000d5aa1270,0x00000000d6800000)
  from space 2048K, 82% used [0x00000000d6b00000,0x00000000d6ca4630,0x00000000d6d00000)
  to   space 2048K, 0% used [0x00000000d6800000,0x00000000d6800000,0x00000000d6a00000)
 ParOldGen       total 68608K, used 27900K [0x0000000080000000, 0x0000000084300000, 0x00000000d5580000)
  object space 68608K, 40% used [0x0000000080000000,0x0000000081b3f1f0,0x0000000084300000)
 Metaspace       used 34849K, committed 35840K, reserved 1114112K
  class space    used 3497K, committed 3968K, reserved 1048576K
}
Event: 7.460 GC heap after
{Heap after GC invocations=18 (full 1):
 PSYoungGen      total 20992K, used 523K [0x00000000d5580000, 0x00000000d6b80000, 0x0000000100000000)
  eden space 18944K, 0% used [0x00000000d5580000,0x00000000d5580000,0x00000000d6800000)
  from space 2048K, 25% used [0x00000000d6800000,0x00000000d6882e78,0x00000000d6a00000)
  to   space 1024K, 0% used [0x00000000d6a80000,0x00000000d6a80000,0x00000000d6b80000)
 ParOldGen       total 68608K, used 29146K [0x0000000080000000, 0x0000000084300000, 0x00000000d5580000)
  object space 68608K, 42% used [0x0000000080000000,0x0000000081c76b38,0x0000000084300000)
 Metaspace       used 34849K, committed 35840K, reserved 1114112K
  class space    used 3497K, committed 3968K, reserved 1048576K
}
Event: 7.460 GC heap before
{Heap before GC invocations=19 (full 2):
 PSYoungGen      total 20992K, used 523K [0x00000000d5580000, 0x00000000d6b80000, 0x0000000100000000)
  eden space 18944K, 0% used [0x00000000d5580000,0x00000000d5580000,0x00000000d6800000)
  from space 2048K, 25% used [0x00000000d6800000,0x00000000d6882e78,0x00000000d6a00000)
  to   space 1024K, 0% used [0x00000000d6a80000,0x00000000d6a80000,0x00000000d6b80000)
 ParOldGen       total 68608K, used 29146K [0x0000000080000000, 0x0000000084300000, 0x00000000d5580000)
  object space 68608K, 42% used [0x0000000080000000,0x0000000081c76b38,0x0000000084300000)
 Metaspace       used 34849K, committed 35840K, reserved 1114112K
  class space    used 3497K, committed 3968K, reserved 1048576K
}
Event: 7.525 GC heap after
{Heap after GC invocations=19 (full 2):
 PSYoungGen      total 20992K, used 0K [0x00000000d5580000, 0x00000000d6b80000, 0x0000000100000000)
  eden space 18944K, 0% used [0x00000000d5580000,0x00000000d5580000,0x00000000d6800000)
  from space 2048K, 0% used [0x00000000d6800000,0x00000000d6800000,0x00000000d6a00000)
  to   space 1024K, 0% used [0x00000000d6a80000,0x00000000d6a80000,0x00000000d6b80000)
 ParOldGen       total 68608K, used 27814K [0x0000000080000000, 0x0000000084300000, 0x00000000d5580000)
  object space 68608K, 40% used [0x0000000080000000,0x0000000081b29860,0x0000000084300000)
 Metaspace       used 34849K, committed 35840K, reserved 1114112K
  class space    used 3497K, committed 3968K, reserved 1048576K
}
Event: 8.024 GC heap before
{Heap before GC invocations=20 (full 2):
 PSYoungGen      total 20992K, used 18891K [0x00000000d5580000, 0x00000000d6b80000, 0x0000000100000000)
  eden space 18944K, 99% used [0x00000000d5580000,0x00000000d67f2da0,0x00000000d6800000)
  from space 2048K, 0% used [0x00000000d6800000,0x00000000d6800000,0x00000000d6a00000)
  to   space 1024K, 0% used [0x00000000d6a80000,0x00000000d6a80000,0x00000000d6b80000)
 ParOldGen       total 68608K, used 27814K [0x0000000080000000, 0x0000000084300000, 0x00000000d5580000)
  object space 68608K, 40% used [0x0000000080000000,0x0000000081b29860,0x0000000084300000)
 Metaspace       used 36287K, committed 37312K, reserved 1114112K
  class space    used 3652K, committed 4096K, reserved 1048576K
}
Event: 8.026 GC heap after
{Heap after GC invocations=20 (full 2):
 PSYoungGen      total 19456K, used 432K [0x00000000d5580000, 0x00000000d6b00000, 0x0000000100000000)
  eden space 18944K, 0% used [0x00000000d5580000,0x00000000d5580000,0x00000000d6800000)
  from space 512K, 84% used [0x00000000d6a80000,0x00000000d6aec010,0x00000000d6b00000)
  to   space 1024K, 0% used [0x00000000d6900000,0x00000000d6900000,0x00000000d6a00000)
 ParOldGen       total 68608K, used 27822K [0x0000000080000000, 0x0000000084300000, 0x00000000d5580000)
  object space 68608K, 40% used [0x0000000080000000,0x0000000081b2b860,0x0000000084300000)
 Metaspace       used 36287K, committed 37312K, reserved 1114112K
  class space    used 3652K, committed 4096K, reserved 1048576K
}
Event: 8.439 GC heap before
{Heap before GC invocations=21 (full 2):
 PSYoungGen      total 19456K, used 19376K [0x00000000d5580000, 0x00000000d6b00000, 0x0000000100000000)
  eden space 18944K, 100% used [0x00000000d5580000,0x00000000d6800000,0x00000000d6800000)
  from space 512K, 84% used [0x00000000d6a80000,0x00000000d6aec010,0x00000000d6b00000)
  to   space 1024K, 0% used [0x00000000d6900000,0x00000000d6900000,0x00000000d6a00000)
 ParOldGen       total 68608K, used 27822K [0x0000000080000000, 0x0000000084300000, 0x00000000d5580000)
  object space 68608K, 40% used [0x0000000080000000,0x0000000081b2b860,0x0000000084300000)
 Metaspace       used 37829K, committed 38848K, reserved 1114112K
  class space    used 3817K, committed 4288K, reserved 1048576K
}
Event: 8.440 GC heap after
{Heap after GC invocations=21 (full 2):
 PSYoungGen      total 19968K, used 416K [0x00000000d5580000, 0x00000000d6b00000, 0x0000000100000000)
  eden space 18944K, 0% used [0x00000000d5580000,0x00000000d5580000,0x00000000d6800000)
  from space 1024K, 40% used [0x00000000d6900000,0x00000000d6968000,0x00000000d6a00000)
  to   space 512K, 0% used [0x00000000d6a80000,0x00000000d6a80000,0x00000000d6b00000)
 ParOldGen       total 68608K, used 28110K [0x0000000080000000, 0x0000000084300000, 0x00000000d5580000)
  object space 68608K, 40% used [0x0000000080000000,0x0000000081b73860,0x0000000084300000)
 Metaspace       used 37829K, committed 38848K, reserved 1114112K
  class space    used 3817K, committed 4288K, reserved 1048576K
}
Event: 9.460 GC heap before
{Heap before GC invocations=22 (full 2):
 PSYoungGen      total 19968K, used 19360K [0x00000000d5580000, 0x00000000d6b00000, 0x0000000100000000)
  eden space 18944K, 100% used [0x00000000d5580000,0x00000000d6800000,0x00000000d6800000)
  from space 1024K, 40% used [0x00000000d6900000,0x00000000d6968000,0x00000000d6a00000)
  to   space 512K, 0% used [0x00000000d6a80000,0x00000000d6a80000,0x00000000d6b00000)
 ParOldGen       total 68608K, used 28110K [0x0000000080000000, 0x0000000084300000, 0x00000000d5580000)
  object space 68608K, 40% used [0x0000000080000000,0x0000000081b73860,0x0000000084300000)
 Metaspace       used 40206K, committed 41152K, reserved 1114112K
  class space    used 4052K, committed 4480K, reserved 1048576K
}
Event: 9.464 GC heap after
{Heap after GC invocations=22 (full 2):
 PSYoungGen      total 19456K, used 480K [0x00000000d5580000, 0x00000000d6d00000, 0x0000000100000000)
  eden space 18944K, 0% used [0x00000000d5580000,0x00000000d5580000,0x00000000d6800000)
  from space 512K, 93% used [0x00000000d6a80000,0x00000000d6af8020,0x00000000d6b00000)
  to   space 2560K, 0% used [0x00000000d6800000,0x00000000d6800000,0x00000000d6a80000)
 ParOldGen       total 68608K, used 29657K [0x0000000080000000, 0x0000000084300000, 0x00000000d5580000)
  object space 68608K, 43% used [0x0000000080000000,0x0000000081cf65e8,0x0000000084300000)
 Metaspace       used 40206K, committed 41152K, reserved 1114112K
  class space    used 4052K, committed 4480K, reserved 1048576K
}
Event: 9.608 GC heap before
{Heap before GC invocations=23 (full 2):
 PSYoungGen      total 19456K, used 19395K [0x00000000d5580000, 0x00000000d6d00000, 0x0000000100000000)
  eden space 18944K, 99% used [0x00000000d5580000,0x00000000d67f8e40,0x00000000d6800000)
  from space 512K, 93% used [0x00000000d6a80000,0x00000000d6af8020,0x00000000d6b00000)
  to   space 2560K, 0% used [0x00000000d6800000,0x00000000d6800000,0x00000000d6a80000)
 ParOldGen       total 68608K, used 29657K [0x0000000080000000, 0x0000000084300000, 0x00000000d5580000)
  object space 68608K, 43% used [0x0000000080000000,0x0000000081cf65e8,0x0000000084300000)
 Metaspace       used 40697K, committed 41728K, reserved 1114112K
  class space    used 4106K, committed 4544K, reserved 1048576K
}
Event: 9.613 GC heap after
{Heap after GC invocations=23 (full 2):
 PSYoungGen      total 20992K, used 1918K [0x00000000d5580000, 0x00000000d6c00000, 0x0000000100000000)
  eden space 18944K, 0% used [0x00000000d5580000,0x00000000d5580000,0x00000000d6800000)
  from space 2048K, 93% used [0x00000000d6800000,0x00000000d69dfb38,0x00000000d6a00000)
  to   space 2048K, 0% used [0x00000000d6a00000,0x00000000d6a00000,0x00000000d6c00000)
 ParOldGen       total 68608K, used 30146K [0x0000000080000000, 0x0000000084300000, 0x00000000d5580000)
  object space 68608K, 43% used [0x0000000080000000,0x0000000081d70b10,0x0000000084300000)
 Metaspace       used 40697K, committed 41728K, reserved 1114112K
  class space    used 4106K, committed 4544K, reserved 1048576K
}

