# JRE version: OpenJDK Runtime Environment Temurin-21.0.10+7 (21.0.10+7) (build 21.0.10+7-LTS)
# Java VM: OpenJDK 64-Bit Server VM Temurin-21.0.10+7 (21.0.10+7-LTS, mixed mode, sharing, tiered, compressed oops, compressed class ptrs, parallel gc, windows-amd64)
GC Precious Log:
 CardTable entry size: 512
 CPUs: 4 total, 4 available
 Memory: 7886M
 Large Page Support: Disabled
 NUMA Support: Disabled
 Compressed Oops: Enabled (32-bit)
 Alignments: Space 512K, Generation 512K, Heap 2M
 Heap Min Capacity: 100M
 Heap Initial Capacity: 100M
 Heap Max Capacity: 2G
 Pre-touch: Disabled
 Parallel Workers: 4
Heap:
 PSYoungGen      total 2560K, used 1285K [0x00000000d5580000, 0x00000000d5b00000, 0x0000000100000000)
  eden space 2048K, 54% used [0x00000000d5580000,0x00000000d5699650,0x00000000d5780000)
  from space 512K, 31% used [0x00000000d5780000,0x00000000d57a8000,0x00000000d5800000)
  to   space 512K, 0% used [0x00000000d5a80000,0x00000000d5a80000,0x00000000d5b00000)
 ParOldGen       total 163328K, used 136473K [0x0000000080000000, 0x0000000089f80000, 0x00000000d5580000)
  object space 163328K, 83% used [0x0000000080000000,0x00000000885466f0,0x0000000089f80000)
 Metaspace       used 69037K, committed 70464K, reserved 1114112K
  class space    used 7346K, committed 8000K, reserved 1048576K
GC Heap History (20 events):
Event: 64.005 GC heap before
{Heap before GC invocations=329 (full 3):
 PSYoungGen      total 2560K, used 2085K [0x00000000d5580000, 0x00000000d5b00000, 0x0000000100000000)
  eden space 2048K, 94% used [0x00000000d5580000,0x00000000d5761548,0x00000000d5780000)
  from space 512K, 31% used [0x00000000d5780000,0x00000000d57a8020,0x00000000d5800000)
  to   space 512K, 0% used [0x00000000d5a80000,0x00000000d5a80000,0x00000000d5b00000)
 ParOldGen       total 163328K, used 135889K [0x0000000080000000, 0x0000000089f80000, 0x00000000d5580000)
  object space 163328K, 83% used [0x0000000080000000,0x00000000884b4690,0x0000000089f80000)
 Metaspace       used 66903K, committed 68352K, reserved 1114112K
  class space    used 7026K, committed 7680K, reserved 1048576K
}
Event: 64.006 GC heap after
{Heap after GC invocations=329 (full 3):
 PSYoungGen      total 2560K, used 128K [0x00000000d5580000, 0x00000000d5b00000, 0x0000000100000000)
  eden space 2048K, 0% used [0x00000000d5580000,0x00000000d5580000,0x00000000d5780000)
  from space 512K, 25% used [0x00000000d5a80000,0x00000000d5aa0000,0x00000000d5b00000)
  to   space 512K, 0% used [0x00000000d5780000,0x00000000d5780000,0x00000000d5800000)
 ParOldGen       total 163328K, used 135993K [0x0000000080000000, 0x0000000089f80000, 0x00000000d5580000)
  object space 163328K, 83% used [0x0000000080000000,0x00000000884ce6b0,0x0000000089f80000)
 Metaspace       used 66903K, committed 68352K, reserved 1114112K
  class space    used 7026K, committed 7680K, reserved 1048576K
}
Event: 64.025 GC heap before
{Heap before GC invocations=330 (full 3):
 PSYoungGen      total 2560K, used 2176K [0x00000000d5580000, 0x00000000d5b00000, 0x0000000100000000)
  eden space 2048K, 100% used [0x00000000d5580000,0x00000000d5780000,0x00000000d5780000)
  from space 512K, 25% used [0x00000000d5a80000,0x00000000d5aa0000,0x00000000d5b00000)
  to   space 512K, 0% used [0x00000000d5780000,0x00000000d5780000,0x00000000d5800000)
 ParOldGen       total 163328K, used 135993K [0x0000000080000000, 0x0000000089f80000, 0x00000000d5580000)
  object space 163328K, 83% used [0x0000000080000000,0x00000000884ce6b0,0x0000000089f80000)
 Metaspace       used 67177K, committed 68608K, reserved 1114112K
  class space    used 7052K, committed 7744K, reserved 1048576K
}
Event: 64.025 GC heap after
{Heap after GC invocations=330 (full 3):
 PSYoungGen      total 2560K, used 128K [0x00000000d5580000, 0x00000000d5b00000, 0x0000000100000000)
  eden space 2048K, 0% used [0x00000000d5580000,0x00000000d5580000,0x00000000d5780000)
  from space 512K, 25% used [0x00000000d5780000,0x00000000d57a0000,0x00000000d5800000)
  to   space 512K, 0% used [0x00000000d5a80000,0x00000000d5a80000,0x00000000d5b00000)
 ParOldGen       total 163328K, used 136025K [0x0000000080000000, 0x0000000089f80000, 0x00000000d5580000)
  object space 163328K, 83% used [0x0000000080000000,0x00000000884d66b0,0x0000000089f80000)
 Metaspace       used 67177K, committed 68608K, reserved 1114112K
  class space    used 7052K, committed 7744K, reserved 1048576K
}
Event: 64.053 GC heap before
{Heap before GC invocations=331 (full 3):
 PSYoungGen      total 2560K, used 2155K [0x00000000d5580000, 0x00000000d5b00000, 0x0000000100000000)
  eden space 2048K, 98% used [0x00000000d5580000,0x00000000d577adf8,0x00000000d5780000)
  from space 512K, 25% used [0x00000000d5780000,0x00000000d57a0000,0x00000000d5800000)
  to   space 512K, 0% used [0x00000000d5a80000,0x00000000d5a80000,0x00000000d5b00000)
 ParOldGen       total 163328K, used 136025K [0x0000000080000000, 0x0000000089f80000, 0x00000000d5580000)
  object space 163328K, 83% used [0x0000000080000000,0x00000000884d66b0,0x0000000089f80000)
 Metaspace       used 67462K, committed 68864K, reserved 1114112K
  class space    used 7088K, committed 7744K, reserved 1048576K
}
Event: 64.054 GC heap after
{Heap after GC invocations=331 (full 3):
 PSYoungGen      total 2560K, used 203K [0x00000000d5580000, 0x00000000d5b00000, 0x0000000100000000)
  eden space 2048K, 0% used [0x00000000d5580000,0x00000000d5580000,0x00000000d5780000)
  from space 512K, 39% used [0x00000000d5a80000,0x00000000d5ab2e50,0x00000000d5b00000)
  to   space 512K, 0% used [0x00000000d5780000,0x00000000d5780000,0x00000000d5800000)
 ParOldGen       total 163328K, used 136065K [0x0000000080000000, 0x0000000089f80000, 0x00000000d5580000)
  object space 163328K, 83% used [0x0000000080000000,0x00000000884e06b0,0x0000000089f80000)
 Metaspace       used 67462K, committed 68864K, reserved 1114112K
  class space    used 7088K, committed 7744K, reserved 1048576K
}
Event: 64.083 GC heap before
{Heap before GC invocations=332 (full 3):
 PSYoungGen      total 2560K, used 2251K [0x00000000d5580000, 0x00000000d5b00000, 0x0000000100000000)
  eden space 2048K, 100% used [0x00000000d5580000,0x00000000d5780000,0x00000000d5780000)
  from space 512K, 39% used [0x00000000d5a80000,0x00000000d5ab2e50,0x00000000d5b00000)
  to   space 512K, 0% used [0x00000000d5780000,0x00000000d5780000,0x00000000d5800000)
 ParOldGen       total 163328K, used 136065K [0x0000000080000000, 0x0000000089f80000, 0x00000000d5580000)
  object space 163328K, 83% used [0x0000000080000000,0x00000000884e06b0,0x0000000089f80000)
 Metaspace       used 67660K, committed 69120K, reserved 1114112K
  class space    used 7127K, committed 7808K, reserved 1048576K
}
Event: 64.086 GC heap after
{Heap after GC invocations=332 (full 3):
 PSYoungGen      total 2560K, used 128K [0x00000000d5580000, 0x00000000d5b00000, 0x0000000100000000)
  eden space 2048K, 0% used [0x00000000d5580000,0x00000000d5580000,0x00000000d5780000)
  from space 512K, 25% used [0x00000000d5780000,0x00000000d57a0000,0x00000000d5800000)
  to   space 512K, 0% used [0x00000000d5a80000,0x00000000d5a80000,0x00000000d5b00000)
 ParOldGen       total 163328K, used 136145K [0x0000000080000000, 0x0000000089f80000, 0x00000000d5580000)
  object space 163328K, 83% used [0x0000000080000000,0x00000000884f46e0,0x0000000089f80000)
 Metaspace       used 67660K, committed 69120K, reserved 1114112K
  class space    used 7127K, committed 7808K, reserved 1048576K
}
Event: 64.112 GC heap before
{Heap before GC invocations=333 (full 3):
 PSYoungGen      total 2560K, used 2176K [0x00000000d5580000, 0x00000000d5b00000, 0x0000000100000000)
  eden space 2048K, 100% used [0x00000000d5580000,0x00000000d5780000,0x00000000d5780000)
  from space 512K, 25% used [0x00000000d5780000,0x00000000d57a0000,0x00000000d5800000)
  to   space 512K, 0% used [0x00000000d5a80000,0x00000000d5a80000,0x00000000d5b00000)
 ParOldGen       total 163328K, used 136145K [0x0000000080000000, 0x0000000089f80000, 0x00000000d5580000)
  object space 163328K, 83% used [0x0000000080000000,0x00000000884f46e0,0x0000000089f80000)
 Metaspace       used 67798K, committed 69184K, reserved 1114112K
  class space    used 7166K, committed 7808K, reserved 1048576K
}
Event: 64.113 GC heap after
{Heap after GC invocations=333 (full 3):
 PSYoungGen      total 2560K, used 128K [0x00000000d5580000, 0x00000000d5b00000, 0x0000000100000000)
  eden space 2048K, 0% used [0x00000000d5580000,0x00000000d5580000,0x00000000d5780000)
  from space 512K, 25% used [0x00000000d5a80000,0x00000000d5aa0000,0x00000000d5b00000)
  to   space 512K, 0% used [0x00000000d5780000,0x00000000d5780000,0x00000000d5800000)
 ParOldGen       total 163328K, used 136193K [0x0000000080000000, 0x0000000089f80000, 0x00000000d5580000)
  object space 163328K, 83% used [0x0000000080000000,0x00000000885006e0,0x0000000089f80000)
 Metaspace       used 67798K, committed 69184K, reserved 1114112K
  class space    used 7166K, committed 7808K, reserved 1048576K
}
Event: 64.140 GC heap before
{Heap before GC invocations=334 (full 3):
 PSYoungGen      total 2560K, used 2166K [0x00000000d5580000, 0x00000000d5b00000, 0x0000000100000000)
  eden space 2048K, 99% used [0x00000000d5580000,0x00000000d577db78,0x00000000d5780000)
  from space 512K, 25% used [0x00000000d5a80000,0x00000000d5aa0000,0x00000000d5b00000)
  to   space 512K, 0% used [0x00000000d5780000,0x00000000d5780000,0x00000000d5800000)
 ParOldGen       total 163328K, used 136193K [0x0000000080000000, 0x0000000089f80000, 0x00000000d5580000)
  object space 163328K, 83% used [0x0000000080000000,0x00000000885006e0,0x0000000089f80000)
 Metaspace       used 67973K, committed 69440K, reserved 1114112K
  class space    used 7207K, committed 7872K, reserved 1048576K
}
Event: 64.140 GC heap after
{Heap after GC invocations=334 (full 3):
 PSYoungGen      total 2560K, used 128K [0x00000000d5580000, 0x00000000d5b00000, 0x0000000100000000)
  eden space 2048K, 0% used [0x00000000d5580000,0x00000000d5580000,0x00000000d5780000)
  from space 512K, 25% used [0x00000000d5780000,0x00000000d57a0000,0x00000000d5800000)
  to   space 512K, 0% used [0x00000000d5a80000,0x00000000d5a80000,0x00000000d5b00000)
 ParOldGen       total 163328K, used 136217K [0x0000000080000000, 0x0000000089f80000, 0x00000000d5580000)
  object space 163328K, 83% used [0x0000000080000000,0x00000000885066e0,0x0000000089f80000)
 Metaspace       used 67973K, committed 69440K, reserved 1114112K
  class space    used 7207K, committed 7872K, reserved 1048576K
}
Event: 64.156 GC heap before
{Heap before GC invocations=335 (full 3):
 PSYoungGen      total 2560K, used 2176K [0x00000000d5580000, 0x00000000d5b00000, 0x0000000100000000)
  eden space 2048K, 100% used [0x00000000d5580000,0x00000000d5780000,0x00000000d5780000)
  from space 512K, 25% used [0x00000000d5780000,0x00000000d57a0000,0x00000000d5800000)
  to   space 512K, 0% used [0x00000000d5a80000,0x00000000d5a80000,0x00000000d5b00000)
 ParOldGen       total 163328K, used 136217K [0x0000000080000000, 0x0000000089f80000, 0x00000000d5580000)
  object space 163328K, 83% used [0x0000000080000000,0x00000000885066e0,0x0000000089f80000)
 Metaspace       used 68194K, committed 69632K, reserved 1114112K
  class space    used 7248K, committed 7936K, reserved 1048576K
}
Event: 64.157 GC heap after
{Heap after GC invocations=335 (full 3):
 PSYoungGen      total 2560K, used 96K [0x00000000d5580000, 0x00000000d5b00000, 0x0000000100000000)
  eden space 2048K, 0% used [0x00000000d5580000,0x00000000d5580000,0x00000000d5780000)
  from space 512K, 18% used [0x00000000d5a80000,0x00000000d5a98000,0x00000000d5b00000)
  to   space 512K, 0% used [0x00000000d5780000,0x00000000d5780000,0x00000000d5800000)
 ParOldGen       total 163328K, used 136257K [0x0000000080000000, 0x0000000089f80000, 0x00000000d5580000)
  object space 163328K, 83% used [0x0000000080000000,0x00000000885106e0,0x0000000089f80000)
 Metaspace       used 68194K, committed 69632K, reserved 1114112K
  class space    used 7248K, committed 7936K, reserved 1048576K
}
Event: 64.176 GC heap before
{Heap before GC invocations=336 (full 3):
 PSYoungGen      total 2560K, used 2144K [0x00000000d5580000, 0x00000000d5b00000, 0x0000000100000000)
  eden space 2048K, 100% used [0x00000000d5580000,0x00000000d5780000,0x00000000d5780000)
  from space 512K, 18% used [0x00000000d5a80000,0x00000000d5a98000,0x00000000d5b00000)
  to   space 512K, 0% used [0x00000000d5780000,0x00000000d5780000,0x00000000d5800000)
 ParOldGen       total 163328K, used 136257K [0x0000000080000000, 0x0000000089f80000, 0x00000000d5580000)
  object space 163328K, 83% used [0x0000000080000000,0x00000000885106e0,0x0000000089f80000)
 Metaspace       used 68456K, committed 69888K, reserved 1114112K
  class space    used 7276K, committed 7936K, reserved 1048576K
}
Event: 64.177 GC heap after
{Heap after GC invocations=336 (full 3):
 PSYoungGen      total 2560K, used 128K [0x00000000d5580000, 0x00000000d5b00000, 0x0000000100000000)
  eden space 2048K, 0% used [0x00000000d5580000,0x00000000d5580000,0x00000000d5780000)
  from space 512K, 25% used [0x00000000d5780000,0x00000000d57a0000,0x00000000d5800000)
  to   space 512K, 0% used [0x00000000d5a80000,0x00000000d5a80000,0x00000000d5b00000)
 ParOldGen       total 163328K, used 136305K [0x0000000080000000, 0x0000000089f80000, 0x00000000d5580000)
  object space 163328K, 83% used [0x0000000080000000,0x000000008851c6e0,0x0000000089f80000)
 Metaspace       used 68456K, committed 69888K, reserved 1114112K
  class space    used 7276K, committed 7936K, reserved 1048576K
}
Event: 64.230 GC heap before
{Heap before GC invocations=337 (full 3):
 PSYoungGen      total 2560K, used 2176K [0x00000000d5580000, 0x00000000d5b00000, 0x0000000100000000)
  eden space 2048K, 100% used [0x00000000d5580000,0x00000000d5780000,0x00000000d5780000)
  from space 512K, 25% used [0x00000000d5780000,0x00000000d57a0000,0x00000000d5800000)
  to   space 512K, 0% used [0x00000000d5a80000,0x00000000d5a80000,0x00000000d5b00000)
 ParOldGen       total 163328K, used 136305K [0x0000000080000000, 0x0000000089f80000, 0x00000000d5580000)
  object space 163328K, 83% used [0x0000000080000000,0x000000008851c6e0,0x0000000089f80000)
 Metaspace       used 68693K, committed 70144K, reserved 1114112K
  class space    used 7301K, committed 8000K, reserved 1048576K
}
Event: 64.231 GC heap after
{Heap after GC invocations=337 (full 3):
 PSYoungGen      total 2560K, used 160K [0x00000000d5580000, 0x00000000d5b00000, 0x0000000100000000)
  eden space 2048K, 0% used [0x00000000d5580000,0x00000000d5580000,0x00000000d5780000)
  from space 512K, 31% used [0x00000000d5a80000,0x00000000d5aa8000,0x00000000d5b00000)
  to   space 512K, 0% used [0x00000000d5780000,0x00000000d5780000,0x00000000d5800000)
 ParOldGen       total 163328K, used 136353K [0x0000000080000000, 0x0000000089f80000, 0x00000000d5580000)
  object space 163328K, 83% used [0x0000000080000000,0x00000000885286e0,0x0000000089f80000)
 Metaspace       used 68693K, committed 70144K, reserved 1114112K
  class space    used 7301K, committed 8000K, reserved 1048576K
}
Event: 72.961 GC heap before
{Heap before GC invocations=338 (full 3):
 PSYoungGen      total 2560K, used 2208K [0x00000000d5580000, 0x00000000d5b00000, 0x0000000100000000)
  eden space 2048K, 100% used [0x00000000d5580000,0x00000000d5780000,0x00000000d5780000)
  from space 512K, 31% used [0x00000000d5a80000,0x00000000d5aa8000,0x00000000d5b00000)
  to   space 512K, 0% used [0x00000000d5780000,0x00000000d5780000,0x00000000d5800000)
 ParOldGen       total 163328K, used 136353K [0x0000000080000000, 0x0000000089f80000, 0x00000000d5580000)
  object space 163328K, 83% used [0x0000000080000000,0x00000000885286e0,0x0000000089f80000)
 Metaspace       used 68954K, committed 70464K, reserved 1114112K
  class space    used 7335K, committed 8000K, reserved 1048576K
}
Event: 72.962 GC heap after
{Heap after GC invocations=338 (full 3):
 PSYoungGen      total 2560K, used 160K [0x00000000d5580000, 0x00000000d5b00000, 0x0000000100000000)
  eden space 2048K, 0% used [0x00000000d5580000,0x00000000d5580000,0x00000000d5780000)
  from space 512K, 31% used [0x00000000d5780000,0x00000000d57a8000,0x00000000d5800000)
  to   space 512K, 0% used [0x00000000d5a80000,0x00000000d5a80000,0x00000000d5b00000)
 ParOldGen       total 163328K, used 136473K [0x0000000080000000, 0x0000000089f80000, 0x00000000d5580000)
  object space 163328K, 83% used [0x0000000080000000,0x00000000885466f0,0x0000000089f80000)
 Metaspace       used 68954K, committed 70464K, reserved 1114112K
  class space    used 7335K, committed 8000K, reserved 1048576K
}

