# JRE version: Java(TM) SE Runtime Environment (17.0.12+8) (build 17.0.12+8-LTS-286)
# Java VM: Java HotSpot(TM) 64-Bit Server VM (17.0.12+8-LTS-286, mixed mode, sharing, tiered, compressed oops, compressed class ptrs, g1 gc, windows-amd64)
GC Precious Log:
 CPUs: 4 total, 4 available
 Memory: 7886M
 Large Page Support: Disabled
 NUMA Support: Disabled
 Compressed Oops: Enabled (32-bit)
 Heap Region Size: 1M
 Heap Min Capacity: 8M
 Heap Initial Capacity: 124M
 Heap Max Capacity: 1972M
 Pre-touch: Disabled
 Parallel Workers: 4
 Concurrent Workers: 1
 Concurrent Refinement Workers: 4
 Periodic GC: Disabled
Heap:
 garbage-first heap   total 91136K, used 58408K [0x0000000084c00000, 0x0000000100000000)
  region size 1024K, 25 young (25600K), 3 survivors (3072K)
 Metaspace       used 53622K, committed 54144K, reserved 1114112K
  class space    used 7171K, committed 7424K, reserved 1048576K
GC Heap History (20 events):
Event: 2.941 GC heap before
{Heap before GC invocations=3 (full 0):
 garbage-first heap   total 126976K, used 64845K [0x0000000084c00000, 0x0000000100000000)
  region size 1024K, 51 young (52224K), 3 survivors (3072K)
 Metaspace       used 20092K, committed 20416K, reserved 1114112K
  class space    used 2456K, committed 2624K, reserved 1048576K
}
Event: 2.948 GC heap after
{Heap after GC invocations=4 (full 0):
 garbage-first heap   total 126976K, used 20683K [0x0000000084c00000, 0x0000000100000000)
  region size 1024K, 7 young (7168K), 7 survivors (7168K)
 Metaspace       used 20092K, committed 20416K, reserved 1114112K
  class space    used 2456K, committed 2624K, reserved 1048576K
}
Event: 3.365 GC heap before
{Heap before GC invocations=4 (full 0):
 garbage-first heap   total 126976K, used 33995K [0x0000000084c00000, 0x0000000100000000)
  region size 1024K, 21 young (21504K), 7 survivors (7168K)
 Metaspace       used 21204K, committed 21504K, reserved 1114112K
  class space    used 2589K, committed 2752K, reserved 1048576K
}
Event: 3.374 GC heap after
{Heap after GC invocations=5 (full 0):
 garbage-first heap   total 126976K, used 22984K [0x0000000084c00000, 0x0000000100000000)
  region size 1024K, 7 young (7168K), 7 survivors (7168K)
 Metaspace       used 21204K, committed 21504K, reserved 1114112K
  class space    used 2589K, committed 2752K, reserved 1048576K
}
Event: 4.619 GC heap before
{Heap before GC invocations=6 (full 0):
 garbage-first heap   total 75776K, used 57800K [0x0000000084c00000, 0x0000000100000000)
  region size 1024K, 44 young (45056K), 7 survivors (7168K)
 Metaspace       used 24600K, committed 25024K, reserved 1114112K
  class space    used 3065K, committed 3264K, reserved 1048576K
}
Event: 4.633 GC heap after
{Heap after GC invocations=7 (full 0):
 garbage-first heap   total 75776K, used 21228K [0x0000000084c00000, 0x0000000100000000)
  region size 1024K, 4 young (4096K), 4 survivors (4096K)
 Metaspace       used 24600K, committed 25024K, reserved 1114112K
  class space    used 3065K, committed 3264K, reserved 1048576K
}
Event: 6.349 GC heap before
{Heap before GC invocations=7 (full 0):
 garbage-first heap   total 75776K, used 53996K [0x0000000084c00000, 0x0000000100000000)
  region size 1024K, 35 young (35840K), 4 survivors (4096K)
 Metaspace       used 30883K, committed 31360K, reserved 1114112K
  class space    used 3903K, committed 4160K, reserved 1048576K
}
Event: 6.365 GC heap after
{Heap after GC invocations=8 (full 0):
 garbage-first heap   total 75776K, used 24747K [0x0000000084c00000, 0x0000000100000000)
  region size 1024K, 4 young (4096K), 4 survivors (4096K)
 Metaspace       used 30883K, committed 31360K, reserved 1114112K
  class space    used 3903K, committed 4160K, reserved 1048576K
}
Event: 7.586 GC heap before
{Heap before GC invocations=8 (full 0):
 garbage-first heap   total 75776K, used 54443K [0x0000000084c00000, 0x0000000100000000)
  region size 1024K, 33 young (33792K), 4 survivors (4096K)
 Metaspace       used 33747K, committed 34176K, reserved 1114112K
  class space    used 4270K, committed 4480K, reserved 1048576K
}
Event: 7.598 GC heap after
{Heap after GC invocations=9 (full 0):
 garbage-first heap   total 75776K, used 26075K [0x0000000084c00000, 0x0000000100000000)
  region size 1024K, 2 young (2048K), 2 survivors (2048K)
 Metaspace       used 33747K, committed 34176K, reserved 1114112K
  class space    used 4270K, committed 4480K, reserved 1048576K
}
Event: 8.035 GC heap before
{Heap before GC invocations=9 (full 0):
 garbage-first heap   total 75776K, used 36315K [0x0000000084c00000, 0x0000000100000000)
  region size 1024K, 13 young (13312K), 2 survivors (2048K)
 Metaspace       used 35681K, committed 36096K, reserved 1114112K
  class space    used 4579K, committed 4800K, reserved 1048576K
}
Event: 8.045 GC heap after
{Heap after GC invocations=10 (full 0):
 garbage-first heap   total 75776K, used 26824K [0x0000000084c00000, 0x0000000100000000)
  region size 1024K, 3 young (3072K), 3 survivors (3072K)
 Metaspace       used 35681K, committed 36096K, reserved 1114112K
  class space    used 4579K, committed 4800K, reserved 1048576K
}
Event: 8.781 GC heap before
{Heap before GC invocations=11 (full 0):
 garbage-first heap   total 75776K, used 55496K [0x0000000084c00000, 0x0000000100000000)
  region size 1024K, 32 young (32768K), 3 survivors (3072K)
 Metaspace       used 39545K, committed 40064K, reserved 1114112K
  class space    used 5122K, committed 5376K, reserved 1048576K
}
Event: 8.793 GC heap after
{Heap after GC invocations=12 (full 0):
 garbage-first heap   total 75776K, used 30575K [0x0000000084c00000, 0x0000000100000000)
  region size 1024K, 4 young (4096K), 4 survivors (4096K)
 Metaspace       used 39545K, committed 40064K, reserved 1114112K
  class space    used 5122K, committed 5376K, reserved 1048576K
}
Event: 9.871 GC heap before
{Heap before GC invocations=13 (full 0):
 garbage-first heap   total 75776K, used 57199K [0x0000000084c00000, 0x0000000100000000)
  region size 1024K, 30 young (30720K), 4 survivors (4096K)
 Metaspace       used 43817K, committed 44352K, reserved 1114112K
  class space    used 5792K, committed 6016K, reserved 1048576K
}
Event: 9.879 GC heap after
{Heap after GC invocations=14 (full 0):
 garbage-first heap   total 75776K, used 34620K [0x0000000084c00000, 0x0000000100000000)
  region size 1024K, 4 young (4096K), 4 survivors (4096K)
 Metaspace       used 43817K, committed 44352K, reserved 1114112K
  class space    used 5792K, committed 6016K, reserved 1048576K
}
Event: 9.914 GC heap before
{Heap before GC invocations=14 (full 0):
 garbage-first heap   total 75776K, used 35644K [0x0000000084c00000, 0x0000000100000000)
  region size 1024K, 5 young (5120K), 4 survivors (4096K)
 Metaspace       used 44038K, committed 44544K, reserved 1114112K
  class space    used 5843K, committed 6080K, reserved 1048576K
}
Event: 9.919 GC heap after
{Heap after GC invocations=15 (full 0):
 garbage-first heap   total 75776K, used 35026K [0x0000000084c00000, 0x0000000100000000)
  region size 1024K, 1 young (1024K), 1 survivors (1024K)
 Metaspace       used 44038K, committed 44544K, reserved 1114112K
  class space    used 5843K, committed 6080K, reserved 1048576K
}
Event: 11.214 GC heap before
{Heap before GC invocations=15 (full 0):
 garbage-first heap   total 75776K, used 57554K [0x0000000084c00000, 0x0000000100000000)
  region size 1024K, 23 young (23552K), 1 survivors (1024K)
 Metaspace       used 48025K, committed 48512K, reserved 1114112K
  class space    used 6436K, committed 6656K, reserved 1048576K
}
Event: 11.220 GC heap after
{Heap after GC invocations=16 (full 0):
 garbage-first heap   total 91136K, used 36904K [0x0000000084c00000, 0x0000000100000000)
  region size 1024K, 3 young (3072K), 3 survivors (3072K)
 Metaspace       used 48025K, committed 48512K, reserved 1114112K
  class space    used 6436K, committed 6656K, reserved 1048576K
}

