# JRE version: Java(TM) SE Runtime Environment (17.0.12+8) (build 17.0.12+8-LTS-286)
# Java VM: Java HotSpot(TM) 64-Bit Server VM (17.0.12+8-LTS-286, mixed mode, sharing, tiered, compressed oops, compressed class ptrs, g1 gc, windows-amd64)
GC Precious Log:
 CPUs: 4 total, 4 available
 Memory: 7886M
 Large Page Support: Disabled
 NUMA Support: Disabled
 Compressed Oops: Enabled (32-bit)
 Heap Region Size: 1M
 Heap Min Capacity: 8M
 Heap Initial Capacity: 124M
 Heap Max Capacity: 1972M
 Pre-touch: Disabled
 Parallel Workers: 4
 Concurrent Workers: 1
 Concurrent Refinement Workers: 4
 Periodic GC: Disabled
Heap:
 garbage-first heap   total 86016K, used 50257K [0x0000000084c00000, 0x0000000100000000)
  region size 1024K, 15 young (15360K), 3 survivors (3072K)
 Metaspace       used 55042K, committed 55680K, reserved 1114112K
  class space    used 7368K, committed 7680K, reserved 1048576K
GC Heap History (20 events):
Event: 1.769 GC heap before
{Heap before GC invocations=2 (full 0):
 garbage-first heap   total 126976K, used 34015K [0x0000000084c00000, 0x0000000100000000)
  region size 1024K, 21 young (21504K), 2 survivors (2048K)
 Metaspace       used 8744K, committed 9024K, reserved 1114112K
  class space    used 1045K, committed 1152K, reserved 1048576K
}
Event: 1.777 GC heap after
{Heap after GC invocations=3 (full 0):
 garbage-first heap   total 126976K, used 16733K [0x0000000084c00000, 0x0000000100000000)
  region size 1024K, 3 young (3072K), 3 survivors (3072K)
 Metaspace       used 8744K, committed 9024K, reserved 1114112K
  class space    used 1045K, committed 1152K, reserved 1048576K
}
Event: 3.077 GC heap before
{Heap before GC invocations=3 (full 0):
 garbage-first heap   total 126976K, used 63837K [0x0000000084c00000, 0x0000000100000000)
  region size 1024K, 50 young (51200K), 3 survivors (3072K)
 Metaspace       used 19911K, committed 20288K, reserved 1114112K
  class space    used 2437K, committed 2624K, reserved 1048576K
}
Event: 3.084 GC heap after
{Heap after GC invocations=4 (full 0):
 garbage-first heap   total 126976K, used 20683K [0x0000000084c00000, 0x0000000100000000)
  region size 1024K, 7 young (7168K), 7 survivors (7168K)
 Metaspace       used 19911K, committed 20288K, reserved 1114112K
  class space    used 2437K, committed 2624K, reserved 1048576K
}
Event: 3.525 GC heap before
{Heap before GC invocations=4 (full 0):
 garbage-first heap   total 126976K, used 35019K [0x0000000084c00000, 0x0000000100000000)
  region size 1024K, 22 young (22528K), 7 survivors (7168K)
 Metaspace       used 21186K, committed 21504K, reserved 1114112K
  class space    used 2593K, committed 2752K, reserved 1048576K
}
Event: 3.534 GC heap after
{Heap after GC invocations=5 (full 0):
 garbage-first heap   total 126976K, used 22626K [0x0000000084c00000, 0x0000000100000000)
  region size 1024K, 6 young (6144K), 6 survivors (6144K)
 Metaspace       used 21186K, committed 21504K, reserved 1114112K
  class space    used 2593K, committed 2752K, reserved 1048576K
}
Event: 4.555 GC heap before
{Heap before GC invocations=6 (full 0):
 garbage-first heap   total 71680K, used 55394K [0x0000000084c00000, 0x0000000100000000)
  region size 1024K, 42 young (43008K), 6 survivors (6144K)
 Metaspace       used 24451K, committed 24768K, reserved 1114112K
  class space    used 3049K, committed 3200K, reserved 1048576K
}
Event: 4.569 GC heap after
{Heap after GC invocations=7 (full 0):
 garbage-first heap   total 71680K, used 21224K [0x0000000084c00000, 0x0000000100000000)
  region size 1024K, 4 young (4096K), 4 survivors (4096K)
 Metaspace       used 24451K, committed 24768K, reserved 1114112K
  class space    used 3049K, committed 3200K, reserved 1048576K
}
Event: 5.935 GC heap before
{Heap before GC invocations=7 (full 0):
 garbage-first heap   total 71680K, used 51944K [0x0000000084c00000, 0x0000000100000000)
  region size 1024K, 33 young (33792K), 4 survivors (4096K)
 Metaspace       used 30264K, committed 30656K, reserved 1114112K
  class space    used 3810K, committed 4032K, reserved 1048576K
}
Event: 5.947 GC heap after
{Heap after GC invocations=8 (full 0):
 garbage-first heap   total 71680K, used 24142K [0x0000000084c00000, 0x0000000100000000)
  region size 1024K, 3 young (3072K), 3 survivors (3072K)
 Metaspace       used 30264K, committed 30656K, reserved 1114112K
  class space    used 3810K, committed 4032K, reserved 1048576K
}
Event: 6.312 GC heap before
{Heap before GC invocations=8 (full 0):
 garbage-first heap   total 71680K, used 51790K [0x0000000084c00000, 0x0000000100000000)
  region size 1024K, 30 young (30720K), 3 survivors (3072K)
 Metaspace       used 32564K, committed 33024K, reserved 1114112K
  class space    used 4116K, committed 4352K, reserved 1048576K
}
Event: 6.323 GC heap after
{Heap after GC invocations=9 (full 0):
 garbage-first heap   total 71680K, used 26035K [0x0000000084c00000, 0x0000000100000000)
  region size 1024K, 2 young (2048K), 2 survivors (2048K)
 Metaspace       used 32564K, committed 33024K, reserved 1114112K
  class space    used 4116K, committed 4352K, reserved 1048576K
}
Event: 6.715 GC heap before
{Heap before GC invocations=9 (full 0):
 garbage-first heap   total 71680K, used 40371K [0x0000000084c00000, 0x0000000100000000)
  region size 1024K, 17 young (17408K), 2 survivors (2048K)
 Metaspace       used 35542K, committed 35968K, reserved 1114112K
  class space    used 4565K, committed 4800K, reserved 1048576K
}
Event: 6.724 GC heap after
{Heap after GC invocations=10 (full 0):
 garbage-first heap   total 86016K, used 26986K [0x0000000084c00000, 0x0000000100000000)
  region size 1024K, 3 young (3072K), 3 survivors (3072K)
 Metaspace       used 35542K, committed 35968K, reserved 1114112K
  class space    used 4565K, committed 4800K, reserved 1048576K
}
Event: 7.497 GC heap before
{Heap before GC invocations=11 (full 0):
 garbage-first heap   total 86016K, used 64874K [0x0000000084c00000, 0x0000000100000000)
  region size 1024K, 40 young (40960K), 3 survivors (3072K)
 Metaspace       used 40465K, committed 40896K, reserved 1114112K
  class space    used 5242K, committed 5440K, reserved 1048576K
}
Event: 7.509 GC heap after
{Heap after GC invocations=12 (full 0):
 garbage-first heap   total 86016K, used 32281K [0x0000000084c00000, 0x0000000100000000)
  region size 1024K, 5 young (5120K), 5 survivors (5120K)
 Metaspace       used 40465K, committed 40896K, reserved 1114112K
  class space    used 5242K, committed 5440K, reserved 1048576K
}
Event: 8.539 GC heap before
{Heap before GC invocations=12 (full 0):
 garbage-first heap   total 86016K, used 64025K [0x0000000084c00000, 0x0000000100000000)
  region size 1024K, 36 young (36864K), 5 survivors (5120K)
 Metaspace       used 45733K, committed 46208K, reserved 1114112K
  class space    used 6108K, committed 6336K, reserved 1048576K
}
Event: 8.548 GC heap after
{Heap after GC invocations=13 (full 0):
 garbage-first heap   total 86016K, used 36167K [0x0000000084c00000, 0x0000000100000000)
  region size 1024K, 4 young (4096K), 4 survivors (4096K)
 Metaspace       used 45733K, committed 46208K, reserved 1114112K
  class space    used 6108K, committed 6336K, reserved 1048576K
}
Event: 53.329 GC heap before
{Heap before GC invocations=13 (full 0):
 garbage-first heap   total 86016K, used 64839K [0x0000000084c00000, 0x0000000100000000)
  region size 1024K, 32 young (32768K), 4 survivors (4096K)
 Metaspace       used 52232K, committed 52800K, reserved 1114112K
  class space    used 6982K, committed 7296K, reserved 1048576K
}
Event: 53.336 GC heap after
{Heap after GC invocations=14 (full 0):
 garbage-first heap   total 86016K, used 38993K [0x0000000084c00000, 0x0000000100000000)
  region size 1024K, 3 young (3072K), 3 survivors (3072K)
 Metaspace       used 52232K, committed 52800K, reserved 1114112K
  class space    used 6982K, committed 7296K, reserved 1048576K
}

