# JRE version: Java(TM) SE Runtime Environment (17.0.12+8) (build 17.0.12+8-LTS-286)
# Java VM: Java HotSpot(TM) 64-Bit Server VM (17.0.12+8-LTS-286, mixed mode, sharing, tiered, compressed oops, compressed class ptrs, g1 gc, windows-amd64)
GC Precious Log:
 CPUs: 4 total, 4 available
 Memory: 7886M
 Large Page Support: Disabled
 NUMA Support: Disabled
 Compressed Oops: Enabled (32-bit)
 Heap Region Size: 1M
 Heap Min Capacity: 8M
 Heap Initial Capacity: 124M
 Heap Max Capacity: 1972M
 Pre-touch: Disabled
 Parallel Workers: 4
 Concurrent Workers: 1
 Concurrent Refinement Workers: 4
 Periodic GC: Disabled
Heap:
 garbage-first heap   total 82944K, used 27675K [0x0000000084c00000, 0x0000000100000000)
  region size 1024K, 8 young (8192K), 3 survivors (3072K)
 Metaspace       used 30194K, committed 30592K, reserved 1114112K
  class space    used 3798K, committed 4032K, reserved 1048576K
GC Heap History (14 events):
Event: 0.265 GC heap before
{Heap before GC invocations=0 (full 0):
 garbage-first heap   total 126976K, used 14336K [0x0000000084c00000, 0x0000000100000000)
  region size 1024K, 13 young (13312K), 0 survivors (0K)
 Metaspace       used 2021K, committed 2176K, reserved 1114112K
  class space    used 192K, committed 256K, reserved 1048576K
}
Event: 0.269 GC heap after
{Heap after GC invocations=1 (full 0):
 garbage-first heap   total 126976K, used 6821K [0x0000000084c00000, 0x0000000100000000)
  region size 1024K, 2 young (2048K), 2 survivors (2048K)
 Metaspace       used 2021K, committed 2176K, reserved 1114112K
  class space    used 192K, committed 256K, reserved 1048576K
}
Event: 0.379 GC heap before
{Heap before GC invocations=1 (full 0):
 garbage-first heap   total 126976K, used 22181K [0x0000000084c00000, 0x0000000100000000)
  region size 1024K, 13 young (13312K), 2 survivors (2048K)
 Metaspace       used 3718K, committed 3840K, reserved 1114112K
  class space    used 374K, committed 448K, reserved 1048576K
}
Event: 0.385 GC heap after
{Heap after GC invocations=2 (full 0):
 garbage-first heap   total 126976K, used 14454K [0x0000000084c00000, 0x0000000100000000)
  region size 1024K, 2 young (2048K), 2 survivors (2048K)
 Metaspace       used 3718K, committed 3840K, reserved 1114112K
  class space    used 374K, committed 448K, reserved 1048576K
}
Event: 0.718 GC heap before
{Heap before GC invocations=2 (full 0):
 garbage-first heap   total 126976K, used 32886K [0x0000000084c00000, 0x0000000100000000)
  region size 1024K, 20 young (20480K), 2 survivors (2048K)
 Metaspace       used 8460K, committed 8640K, reserved 1114112K
  class space    used 1004K, committed 1088K, reserved 1048576K
}
Event: 0.722 GC heap after
{Heap after GC invocations=3 (full 0):
 garbage-first heap   total 126976K, used 16434K [0x0000000084c00000, 0x0000000100000000)
  region size 1024K, 3 young (3072K), 3 survivors (3072K)
 Metaspace       used 8460K, committed 8640K, reserved 1114112K
  class space    used 1004K, committed 1088K, reserved 1048576K
}
Event: 1.586 GC heap before
{Heap before GC invocations=3 (full 0):
 garbage-first heap   total 126976K, used 65586K [0x0000000084c00000, 0x0000000100000000)
  region size 1024K, 52 young (53248K), 3 survivors (3072K)
 Metaspace       used 19994K, committed 20352K, reserved 1114112K
  class space    used 2439K, committed 2624K, reserved 1048576K
}
Event: 1.595 GC heap after
{Heap after GC invocations=4 (full 0):
 garbage-first heap   total 126976K, used 20579K [0x0000000084c00000, 0x0000000100000000)
  region size 1024K, 7 young (7168K), 7 survivors (7168K)
 Metaspace       used 19994K, committed 20352K, reserved 1114112K
  class space    used 2439K, committed 2624K, reserved 1048576K
}
Event: 1.844 GC heap before
{Heap before GC invocations=4 (full 0):
 garbage-first heap   total 126976K, used 33891K [0x0000000084c00000, 0x0000000100000000)
  region size 1024K, 21 young (21504K), 7 survivors (7168K)
 Metaspace       used 21190K, committed 21504K, reserved 1114112K
  class space    used 2586K, committed 2752K, reserved 1048576K
}
Event: 1.852 GC heap after
{Heap after GC invocations=5 (full 0):
 garbage-first heap   total 126976K, used 22371K [0x0000000084c00000, 0x0000000100000000)
  region size 1024K, 6 young (6144K), 6 survivors (6144K)
 Metaspace       used 21190K, committed 21504K, reserved 1114112K
  class space    used 2586K, committed 2752K, reserved 1048576K
}
Event: 2.530 GC heap before
{Heap before GC invocations=6 (full 0):
 garbage-first heap   total 68608K, used 52067K [0x0000000084c00000, 0x0000000100000000)
  region size 1024K, 39 young (39936K), 6 survivors (6144K)
 Metaspace       used 24189K, committed 24640K, reserved 1114112K
  class space    used 3005K, committed 3200K, reserved 1048576K
}
Event: 2.541 GC heap after
{Heap after GC invocations=7 (full 0):
 garbage-first heap   total 68608K, used 20961K [0x0000000084c00000, 0x0000000100000000)
  region size 1024K, 4 young (4096K), 4 survivors (4096K)
 Metaspace       used 24189K, committed 24640K, reserved 1114112K
  class space    used 3005K, committed 3200K, reserved 1048576K
}
Event: 3.203 GC heap before
{Heap before GC invocations=7 (full 0):
 garbage-first heap   total 68608K, used 48609K [0x0000000084c00000, 0x0000000100000000)
  region size 1024K, 31 young (31744K), 4 survivors (4096K)
 Metaspace       used 29169K, committed 29568K, reserved 1114112K
  class space    used 3651K, committed 3840K, reserved 1048576K
}
Event: 3.215 GC heap after
{Heap after GC invocations=8 (full 0):
 garbage-first heap   total 82944K, used 23579K [0x0000000084c00000, 0x0000000100000000)
  region size 1024K, 3 young (3072K), 3 survivors (3072K)
 Metaspace       used 29169K, committed 29568K, reserved 1114112K
  class space    used 3651K, committed 3840K, reserved 1048576K
}

