# JRE version: Java(TM) SE Runtime Environment (17.0.12+8) (build 17.0.12+8-LTS-286)
# Java VM: Java HotSpot(TM) 64-Bit Server VM (17.0.12+8-LTS-286, mixed mode, sharing, tiered, compressed oops, compressed class ptrs, g1 gc, windows-amd64)
GC Precious Log:
 CPUs: 4 total, 4 available
 Memory: 7886M
 Large Page Support: Disabled
 NUMA Support: Disabled
 Compressed Oops: Enabled (32-bit)
 Heap Region Size: 1M
 Heap Min Capacity: 8M
 Heap Initial Capacity: 124M
 Heap Max Capacity: 1972M
 Pre-touch: Disabled
 Parallel Workers: 4
 Concurrent Workers: 1
 Concurrent Refinement Workers: 4
 Periodic GC: Disabled
Heap:
 garbage-first heap   total 71680K, used 40065K [0x0000000084c00000, 0x0000000100000000)
  region size 1024K, 2 young (2048K), 1 survivors (1024K)
 Metaspace       used 56032K, committed 56640K, reserved 1114112K
  class space    used 7511K, committed 7808K, reserved 1048576K
GC Heap History (20 events):
Event: 3.585 GC heap before
{Heap before GC invocations=6 (full 0):
 garbage-first heap   total 71680K, used 55533K [0x0000000084c00000, 0x0000000100000000)
  region size 1024K, 42 young (43008K), 6 survivors (6144K)
 Metaspace       used 24450K, committed 24832K, reserved 1114112K
  class space    used 3049K, committed 3264K, reserved 1048576K
}
Event: 3.597 GC heap after
{Heap after GC invocations=7 (full 0):
 garbage-first heap   total 71680K, used 21710K [0x0000000084c00000, 0x0000000100000000)
  region size 1024K, 5 young (5120K), 5 survivors (5120K)
 Metaspace       used 24450K, committed 24832K, reserved 1114112K
  class space    used 3049K, committed 3264K, reserved 1048576K
}
Event: 4.800 GC heap before
{Heap before GC invocations=7 (full 0):
 garbage-first heap   total 71680K, used 49358K [0x0000000084c00000, 0x0000000100000000)
  region size 1024K, 32 young (32768K), 5 survivors (5120K)
 Metaspace       used 29822K, committed 30272K, reserved 1114112K
  class space    used 3746K, committed 3968K, reserved 1048576K
}
Event: 4.813 GC heap after
{Heap after GC invocations=8 (full 0):
 garbage-first heap   total 71680K, used 24411K [0x0000000084c00000, 0x0000000100000000)
  region size 1024K, 3 young (3072K), 3 survivors (3072K)
 Metaspace       used 29822K, committed 30272K, reserved 1114112K
  class space    used 3746K, committed 3968K, reserved 1048576K
}
Event: 6.024 GC heap before
{Heap before GC invocations=8 (full 0):
 garbage-first heap   total 71680K, used 52059K [0x0000000084c00000, 0x0000000100000000)
  region size 1024K, 30 young (30720K), 3 survivors (3072K)
 Metaspace       used 32389K, committed 32832K, reserved 1114112K
  class space    used 4094K, committed 4288K, reserved 1048576K
}
Event: 6.034 GC heap after
{Heap after GC invocations=9 (full 0):
 garbage-first heap   total 71680K, used 25826K [0x0000000084c00000, 0x0000000100000000)
  region size 1024K, 2 young (2048K), 2 survivors (2048K)
 Metaspace       used 32389K, committed 32832K, reserved 1114112K
  class space    used 4094K, committed 4288K, reserved 1048576K
}
Event: 8.145 GC heap before
{Heap before GC invocations=9 (full 0):
 garbage-first heap   total 71680K, used 42210K [0x0000000084c00000, 0x0000000100000000)
  region size 1024K, 19 young (19456K), 2 survivors (2048K)
 Metaspace       used 35527K, committed 35968K, reserved 1114112K
  class space    used 4555K, committed 4736K, reserved 1048576K
}
Event: 8.155 GC heap after
{Heap after GC invocations=10 (full 0):
 garbage-first heap   total 71680K, used 26953K [0x0000000084c00000, 0x0000000100000000)
  region size 1024K, 3 young (3072K), 3 survivors (3072K)
 Metaspace       used 35527K, committed 35968K, reserved 1114112K
  class space    used 4555K, committed 4736K, reserved 1048576K
}
Event: 9.973 GC heap before
{Heap before GC invocations=11 (full 0):
 garbage-first heap   total 71680K, used 54601K [0x0000000084c00000, 0x0000000100000000)
  region size 1024K, 30 young (30720K), 3 survivors (3072K)
 Metaspace       used 39532K, committed 40064K, reserved 1114112K
  class space    used 5115K, committed 5376K, reserved 1048576K
}
Event: 9.985 GC heap after
{Heap after GC invocations=12 (full 0):
 garbage-first heap   total 71680K, used 30098K [0x0000000084c00000, 0x0000000100000000)
  region size 1024K, 4 young (4096K), 4 survivors (4096K)
 Metaspace       used 39532K, committed 40064K, reserved 1114112K
  class space    used 5115K, committed 5376K, reserved 1048576K
}
Event: 11.878 GC heap before
{Heap before GC invocations=12 (full 0):
 garbage-first heap   total 71680K, used 53650K [0x0000000084c00000, 0x0000000100000000)
  region size 1024K, 28 young (28672K), 4 survivors (4096K)
 Metaspace       used 42934K, committed 43456K, reserved 1114112K
  class space    used 5600K, committed 5824K, reserved 1048576K
}
Event: 11.886 GC heap after
{Heap after GC invocations=13 (full 0):
 garbage-first heap   total 71680K, used 34341K [0x0000000084c00000, 0x0000000100000000)
  region size 1024K, 4 young (4096K), 4 survivors (4096K)
 Metaspace       used 42934K, committed 43456K, reserved 1114112K
  class space    used 5600K, committed 5824K, reserved 1048576K
}
Event: 13.098 GC heap before
{Heap before GC invocations=13 (full 0):
 garbage-first heap   total 71680K, used 54821K [0x0000000084c00000, 0x0000000100000000)
  region size 1024K, 24 young (24576K), 4 survivors (4096K)
 Metaspace       used 46592K, committed 47040K, reserved 1114112K
  class space    used 6242K, committed 6464K, reserved 1048576K
}
Event: 13.106 GC heap after
{Heap after GC invocations=14 (full 0):
 garbage-first heap   total 71680K, used 36420K [0x0000000084c00000, 0x0000000100000000)
  region size 1024K, 2 young (2048K), 2 survivors (2048K)
 Metaspace       used 46592K, committed 47040K, reserved 1114112K
  class space    used 6242K, committed 6464K, reserved 1048576K
}
Event: 14.088 GC heap before
{Heap before GC invocations=14 (full 0):
 garbage-first heap   total 71680K, used 55876K [0x0000000084c00000, 0x0000000100000000)
  region size 1024K, 21 young (21504K), 2 survivors (2048K)
 Metaspace       used 50997K, committed 51520K, reserved 1114112K
  class space    used 6823K, committed 7104K, reserved 1048576K
}
Event: 14.094 GC heap after
{Heap after GC invocations=15 (full 0):
 garbage-first heap   total 71680K, used 38693K [0x0000000084c00000, 0x0000000100000000)
  region size 1024K, 2 young (2048K), 2 survivors (2048K)
 Metaspace       used 50997K, committed 51520K, reserved 1114112K
  class space    used 6823K, committed 7104K, reserved 1048576K
}
Event: 283.996 GC heap before
{Heap before GC invocations=16 (full 0):
 garbage-first heap   total 71680K, used 56101K [0x0000000084c00000, 0x0000000100000000)
  region size 1024K, 20 young (20480K), 2 survivors (2048K)
 Metaspace       used 55805K, committed 56448K, reserved 1114112K
  class space    used 7490K, committed 7808K, reserved 1048576K
}
Event: 284.001 GC heap after
{Heap after GC invocations=17 (full 0):
 garbage-first heap   total 71680K, used 40536K [0x0000000084c00000, 0x0000000100000000)
  region size 1024K, 2 young (2048K), 2 survivors (2048K)
 Metaspace       used 55805K, committed 56448K, reserved 1114112K
  class space    used 7490K, committed 7808K, reserved 1048576K
}
Event: 297.336 GC heap before
{Heap before GC invocations=17 (full 0):
 garbage-first heap   total 71680K, used 41560K [0x0000000084c00000, 0x0000000100000000)
  region size 1024K, 3 young (3072K), 2 survivors (2048K)
 Metaspace       used 56013K, committed 56640K, reserved 1114112K
  class space    used 7508K, committed 7808K, reserved 1048576K
}
Event: 297.338 GC heap after
{Heap after GC invocations=18 (full 0):
 garbage-first heap   total 71680K, used 40065K [0x0000000084c00000, 0x0000000100000000)
  region size 1024K, 1 young (1024K), 1 survivors (1024K)
 Metaspace       used 56013K, committed 56640K, reserved 1114112K
  class space    used 7508K, committed 7808K, reserved 1048576K
}

